<?xml version="1.0" encoding="UTF-8"?>
<!-- Generated by org.testng.reporters.JUnitXMLReporter -->
<testsuite ignored="0" hostname="Sanjana-Mac.local" failures="0" tests="4" name="Pet API Tests" time="8.515" errors="0" timestamp="2024-10-21T17:31:14 GST">
  <testcase classname="Api_Tests.Pet_Tests" name="createPet" time="3.729"/>
  <testcase classname="Api_Tests.Pet_Tests" name="getPets" time="1.39"/>
  <testcase classname="Api_Tests.Pet_Tests" name="updatePet" time="1.277"/>
  <testcase classname="Api_Tests.Pet_Tests" name="deletePet" time="2.034"/>
</testsuite> <!-- Pet API Tests -->
