<?xml version="1.0" encoding="UTF-8"?>
<!-- Generated by org.testng.reporters.JUnitXMLReporter -->
<testsuite ignored="0" hostname="Sanjana-Mac.local" failures="0" tests="4" name="Default test" time="8.281" errors="0" timestamp="2024-10-21T16:31:08 GST">
  <testcase classname="Api_Tests.Pet_Tests" name="createPet" time="3.389"/>
  <testcase classname="Api_Tests.Pet_Tests" name="getPets" time="1.595"/>
  <testcase classname="Api_Tests.Pet_Tests" name="updatePet" time="1.17"/>
  <testcase classname="Api_Tests.Pet_Tests" name="deletePet" time="2.034"/>
</testsuite> <!-- Default test -->
